# JRE version: Java(TM) SE Runtime Environment (8.0_45-b14) (build 1.8.0_45-b14)
# Java VM: Java HotSpot(TM) 64-Bit Server VM (25.45-b02 mixed mode bsd-amd64 compressed oops)
Heap:
 PSYoungGen      total 634880K, used 332626K [0x0000000795580000, 0x00000007bec80000, 0x00000007c0000000)
  eden space 623104K, 51% used [0x0000000795580000,0x00000007a8f00068,0x00000007bb600000)
  from space 11776K, 98% used [0x00000007be100000,0x00000007bec54b78,0x00000007bec80000)
  to   space 18432K, 0% used [0x00000007bc880000,0x00000007bc880000,0x00000007bda80000)
 ParOldGen       total 143360K, used 52877K [0x0000000740000000, 0x0000000748c00000, 0x0000000795580000)
  object space 143360K, 36% used [0x0000000740000000,0x00000007433a3630,0x0000000748c00000)
 Metaspace       used 68225K, capacity 69658K, committed 69888K, reserved 1110016K
  class space    used 8328K, capacity 8585K, committed 8704K, reserved 1048576K
GC Heap History (10 events):
Event: 22.003 GC heap before
{Heap before GC invocations=15 (full 2):
 PSYoungGen      total 416256K, used 416177K [0x0000000795580000, 0x00000007b0580000, 0x00000007c0000000)
  eden space 403968K, 100% used [0x0000000795580000,0x00000007ae000000,0x00000007ae000000)
  from space 12288K, 99% used [0x00000007af980000,0x00000007b056c638,0x00000007b0580000)
  to   space 16896K, 0% used [0x00000007ae480000,0x00000007ae480000,0x00000007af500000)
 ParOldGen       total 90624K, used 34495K [0x0000000740000000, 0x0000000745880000, 0x0000000795580000)
  object space 90624K, 38% used [0x0000000740000000,0x00000007421afc18,0x0000000745880000)
 Metaspace       used 54132K, capacity 55040K, committed 55168K, reserved 1097728K
  class space    used 6818K, capacity 6992K, committed 7040K, reserved 1048576K
Event: 22.038 GC heap after
Heap after GC invocations=15 (full 2):
 PSYoungGen      total 425472K, used 16887K [0x0000000795580000, 0x00000007b6780000, 0x00000007c0000000)
  eden space 408576K, 0% used [0x0000000795580000,0x0000000795580000,0x00000007ae480000)
  from space 16896K, 99% used [0x00000007ae480000,0x00000007af4fde18,0x00000007af500000)
  to   space 19968K, 0% used [0x00000007b5400000,0x00000007b5400000,0x00000007b6780000)
 ParOldGen       total 90624K, used 37312K [0x0000000740000000, 0x0000000745880000, 0x0000000795580000)
  object space 90624K, 41% used [0x0000000740000000,0x00000007424703e8,0x0000000745880000)
 Metaspace       used 54132K, capacity 55040K, committed 55168K, reserved 1097728K
  class space    used 6818K, capacity 6992K, committed 7040K, reserved 1048576K
}
Event: 24.166 GC heap before
{Heap before GC invocations=16 (full 2):
 PSYoungGen      total 425472K, used 425463K [0x0000000795580000, 0x00000007b6780000, 0x00000007c0000000)
  eden space 408576K, 100% used [0x0000000795580000,0x00000007ae480000,0x00000007ae480000)
  from space 16896K, 99% used [0x00000007ae480000,0x00000007af4fde18,0x00000007af500000)
  to   space 19968K, 0% used [0x00000007b5400000,0x00000007b5400000,0x00000007b6780000)
 ParOldGen       total 90624K, used 37312K [0x0000000740000000, 0x0000000745880000, 0x0000000795580000)
  object space 90624K, 41% used [0x0000000740000000,0x00000007424703e8,0x0000000745880000)
 Metaspace       used 57814K, capacity 58784K, committed 59008K, reserved 1101824K
  class space    used 7234K, capacity 7466K, committed 7552K, reserved 1048576K
Event: 24.215 GC heap after
Heap after GC invocations=16 (full 2):
 PSYoungGen      total 523776K, used 9903K [0x0000000795580000, 0x00000007b7300000, 0x00000007c0000000)
  eden space 503808K, 0% used [0x0000000795580000,0x0000000795580000,0x00000007b4180000)
  from space 19968K, 49% used [0x00000007b5400000,0x00000007b5dabd28,0x00000007b6780000)
  to   space 18944K, 0% used [0x00000007b4180000,0x00000007b4180000,0x00000007b5400000)
 ParOldGen       total 90624K, used 51874K [0x0000000740000000, 0x0000000745880000, 0x0000000795580000)
  object space 90624K, 57% used [0x0000000740000000,0x00000007432a8b80,0x0000000745880000)
 Metaspace       used 57814K, capacity 58784K, committed 59008K, reserved 1101824K
  class space    used 7234K, capacity 7466K, committed 7552K, reserved 1048576K
}
Event: 24.942 GC heap before
{Heap before GC invocations=17 (full 2):
 PSYoungGen      total 523776K, used 332264K [0x0000000795580000, 0x00000007b7300000, 0x00000007c0000000)
  eden space 503808K, 63% used [0x0000000795580000,0x00000007a904e5b8,0x00000007b4180000)
  from space 19968K, 49% used [0x00000007b5400000,0x00000007b5dabd28,0x00000007b6780000)
  to   space 18944K, 0% used [0x00000007b4180000,0x00000007b4180000,0x00000007b5400000)
 ParOldGen       total 90624K, used 51874K [0x0000000740000000, 0x0000000745880000, 0x0000000795580000)
  object space 90624K, 57% used [0x0000000740000000,0x00000007432a8b80,0x0000000745880000)
 Metaspace       used 57995K, capacity 59032K, committed 59160K, reserved 1101824K
  class space    used 7256K, capacity 7486K, committed 7552K, reserved 1048576K
Event: 24.963 GC heap after
Heap after GC invocations=17 (full 2):
 PSYoungGen      total 522752K, used 8991K [0x0000000795580000, 0x00000007bf300000, 0x00000007c0000000)
  eden space 503808K, 0% used [0x0000000795580000,0x0000000795580000,0x00000007b4180000)
  from space 18944K, 47% used [0x00000007b4180000,0x00000007b4a47e00,0x00000007b5400000)
  to   space 18432K, 0% used [0x00000007be100000,0x00000007be100000,0x00000007bf300000)
 ParOldGen       total 90624K, used 51882K [0x0000000740000000, 0x0000000745880000, 0x0000000795580000)
  object space 90624K, 57% used [0x0000000740000000,0x00000007432aab80,0x0000000745880000)
 Metaspace       used 57995K, capacity 59032K, committed 59160K, reserved 1101824K
  class space    used 7256K, capacity 7486K, committed 7552K, reserved 1048576K
}
Event: 24.963 GC heap before
{Heap before GC invocations=18 (full 3):
 PSYoungGen      total 522752K, used 8991K [0x0000000795580000, 0x00000007bf300000, 0x00000007c0000000)
  eden space 503808K, 0% used [0x0000000795580000,0x0000000795580000,0x00000007b4180000)
  from space 18944K, 47% used [0x00000007b4180000,0x00000007b4a47e00,0x00000007b5400000)
  to   space 18432K, 0% used [0x00000007be100000,0x00000007be100000,0x00000007bf300000)
 ParOldGen       total 90624K, used 51882K [0x0000000740000000, 0x0000000745880000, 0x0000000795580000)
  object space 90624K, 57% used [0x0000000740000000,0x00000007432aab80,0x0000000745880000)
 Metaspace       used 57995K, capacity 59032K, committed 59160K, reserved 1101824K
  class space    used 7256K, capacity 7486K, committed 7552K, reserved 1048576K
Event: 25.374 GC heap after
Heap after GC invocations=18 (full 3):
 PSYoungGen      total 522752K, used 0K [0x0000000795580000, 0x00000007bf300000, 0x00000007c0000000)
  eden space 503808K, 0% used [0x0000000795580000,0x0000000795580000,0x00000007b4180000)
  from space 18944K, 0% used [0x00000007b4180000,0x00000007b4180000,0x00000007b5400000)
  to   space 18432K, 0% used [0x00000007be100000,0x00000007be100000,0x00000007bf300000)
 ParOldGen       total 143360K, used 52850K [0x0000000740000000, 0x0000000748c00000, 0x0000000795580000)
  object space 143360K, 36% used [0x0000000740000000,0x000000074339c9e0,0x0000000748c00000)
 Metaspace       used 57995K, capacity 59032K, committed 59160K, reserved 1101824K
  class space    used 7256K, capacity 7486K, committed 7552K, reserved 1048576K
}
Event: 107.933 GC heap before
{Heap before GC invocations=19 (full 3):
 PSYoungGen      total 522752K, used 503808K [0x0000000795580000, 0x00000007bf300000, 0x00000007c0000000)
  eden space 503808K, 100% used [0x0000000795580000,0x00000007b4180000,0x00000007b4180000)
  from space 18944K, 0% used [0x00000007b4180000,0x00000007b4180000,0x00000007b5400000)
  to   space 18432K, 0% used [0x00000007be100000,0x00000007be100000,0x00000007bf300000)
 ParOldGen       total 143360K, used 52850K [0x0000000740000000, 0x0000000748c00000, 0x0000000795580000)
  object space 143360K, 36% used [0x0000000740000000,0x000000074339c9e0,0x0000000748c00000)
 Metaspace       used 65349K, capacity 66530K, committed 66816K, reserved 1107968K
  class space    used 8098K, capacity 8325K, committed 8448K, reserved 1048576K
Event: 108.002 GC heap after
Heap after GC invocations=19 (full 3):
 PSYoungGen      total 634880K, used 11602K [0x0000000795580000, 0x00000007bec80000, 0x00000007c0000000)
  eden space 623104K, 0% used [0x0000000795580000,0x0000000795580000,0x00000007bb600000)
  from space 11776K, 98% used [0x00000007be100000,0x00000007bec54b78,0x00000007bec80000)
  to   space 18432K, 0% used [0x00000007bc880000,0x00000007bc880000,0x00000007bda80000)
 ParOldGen       total 143360K, used 52877K [0x0000000740000000, 0x0000000748c00000, 0x0000000795580000)
  object space 143360K, 36% used [0x0000000740000000,0x00000007433a3630,0x0000000748c00000)
 Metaspace       used 65349K, capacity 66530K, committed 66816K, reserved 1107968K
  class space    used 8098K, capacity 8325K, committed 8448K, reserved 1048576K
}

